{"asctime": "2026-01-14 16:22:07", "name": "app.main", "levelname": "INFO", "message": "", "extra": {"version": "1.0.0", "environment": "development"}, "event": "Starting Rosetta ETL Platform", "logger": "app.main", "level": "info", "timestamp": "2026-01-14T09:22:07.973211Z"}
{"asctime": "2026-01-14 16:22:07", "name": "app.core.database", "levelname": "INFO", "message": "", "extra": {"pool_size": 20, "max_overflow": 10, "pool_timeout": 30}, "event": "Initializing database connection pool", "logger": "app.core.database", "level": "info", "timestamp": "2026-01-14T09:22:07.974216Z"}
{"asctime": "2026-01-14 16:22:08", "name": "app.core.database", "levelname": "INFO", "message": "", "event": "Database connection pool initialized successfully", "logger": "app.core.database", "level": "info", "timestamp": "2026-01-14T09:22:08.003413Z"}
{"asctime": "2026-01-14 16:22:08", "name": "app.main", "levelname": "INFO", "message": "", "event": "Database initialized successfully", "logger": "app.main", "level": "info", "timestamp": "2026-01-14T09:22:08.004443Z"}
{"asctime": "2026-01-14 16:22:08", "name": "app.infrastructure.tasks.scheduler", "levelname": "INFO", "message": "", "event": "Starting background task scheduler", "logger": "app.infrastructure.tasks.scheduler", "level": "info", "timestamp": "2026-01-14T09:22:08.004443Z"}
{"asctime": "2026-01-14 16:22:08", "name": "apscheduler.scheduler", "levelname": "INFO", "message": "Adding job tentatively -- it will be properly scheduled when the scheduler starts"}
{"asctime": "2026-01-14 16:22:08", "name": "app.infrastructure.tasks.scheduler", "levelname": "INFO", "message": "", "extra": {"interval_seconds": 300}, "event": "WAL monitoring scheduled", "logger": "app.infrastructure.tasks.scheduler", "level": "info", "timestamp": "2026-01-14T09:22:08.022590Z"}
{"asctime": "2026-01-14 16:22:08", "name": "apscheduler.scheduler", "levelname": "INFO", "message": "Added job \"PostgreSQL WAL Monitor\" to job store \"default\""}
{"asctime": "2026-01-14 16:22:08", "name": "apscheduler.scheduler", "levelname": "INFO", "message": "Scheduler started"}
{"asctime": "2026-01-14 16:22:08", "name": "app.infrastructure.tasks.scheduler", "levelname": "INFO", "message": "", "event": "Background task scheduler started successfully", "logger": "app.infrastructure.tasks.scheduler", "level": "info", "timestamp": "2026-01-14T09:22:08.023120Z"}
{"asctime": "2026-01-14 16:22:08", "name": "app.main", "levelname": "INFO", "message": "", "event": "Background scheduler started successfully", "logger": "app.main", "level": "info", "timestamp": "2026-01-14T09:22:08.024707Z"}
{"asctime": "2026-01-14 16:22:08", "name": "app.main", "levelname": "INFO", "message": "", "event": "Application startup completed successfully", "logger": "app.main", "level": "info", "timestamp": "2026-01-14T09:22:08.028264Z"}
{"asctime": "2026-01-14 16:23:33", "name": "app.main", "levelname": "ERROR", "message": "", "extra": {"error": "'async for' requires an object with __aiter__ method, got generator", "type": "TypeError", "path": "/api/v1/destinations"}, "event": "Unexpected exception", "logger": "app.main", "level": "error", "timestamp": "2026-01-14T09:23:33.548916Z", "exception": "Traceback (most recent call last):\n  File \"D:\\Research\\rosetta\\backend\\venv\\Lib\\site-packages\\starlette\\middleware\\errors.py\", line 162, in __call__\n    await self.app(scope, receive, _send)\n  File \"D:\\Research\\rosetta\\backend\\venv\\Lib\\site-packages\\starlette\\middleware\\cors.py\", line 83, in __call__\n    await self.app(scope, receive, send)\n  File \"D:\\Research\\rosetta\\backend\\venv\\Lib\\site-packages\\starlette\\middleware\\exceptions.py\", line 79, in __call__\n    raise exc\n  File \"D:\\Research\\rosetta\\backend\\venv\\Lib\\site-packages\\starlette\\middleware\\exceptions.py\", line 68, in __call__\n    await self.app(scope, receive, sender)\n  File \"D:\\Research\\rosetta\\backend\\venv\\Lib\\site-packages\\fastapi\\middleware\\asyncexitstack.py\", line 20, in __call__\n    raise e\n  File \"D:\\Research\\rosetta\\backend\\venv\\Lib\\site-packages\\fastapi\\middleware\\asyncexitstack.py\", line 17, in __call__\n    await self.app(scope, receive, send)\n  File \"D:\\Research\\rosetta\\backend\\venv\\Lib\\site-packages\\starlette\\routing.py\", line 718, in __call__\n    await route.handle(scope, receive, send)\n  File \"D:\\Research\\rosetta\\backend\\venv\\Lib\\site-packages\\starlette\\routing.py\", line 276, in handle\n    await self.app(scope, receive, send)\n  File \"D:\\Research\\rosetta\\backend\\venv\\Lib\\site-packages\\starlette\\routing.py\", line 66, in app\n    response = await func(request)\n               ^^^^^^^^^^^^^^^^^^^\n  File \"D:\\Research\\rosetta\\backend\\venv\\Lib\\site-packages\\fastapi\\routing.py\", line 264, in app\n    solved_result = await solve_dependencies(\n                    ^^^^^^^^^^^^^^^^^^^^^^^^^\n  File \"D:\\Research\\rosetta\\backend\\venv\\Lib\\site-packages\\fastapi\\dependencies\\utils.py\", line 563, in solve_dependencies\n    solved_result = await solve_dependencies(\n                    ^^^^^^^^^^^^^^^^^^^^^^^^^\n  File \"D:\\Research\\rosetta\\backend\\venv\\Lib\\site-packages\\fastapi\\dependencies\\utils.py\", line 588, in solve_dependencies\n    solved = await solve_generator(\n             ^^^^^^^^^^^^^^^^^^^^^^\n  File \"D:\\Research\\rosetta\\backend\\venv\\Lib\\site-packages\\fastapi\\dependencies\\utils.py\", line 513, in solve_generator\n    return await stack.enter_async_context(cm)\n           ^^^^^^^^^^^^^^^^^^^^^^^^^^^^^^^^^^^\n  File \"C:\\Users\\dwicky.f.putra\\AppData\\Local\\Programs\\Python\\Python311\\Lib\\contextlib.py\", line 650, in enter_async_context\n    result = await _enter(cm)\n             ^^^^^^^^^^^^^^^^\n  File \"C:\\Users\\dwicky.f.putra\\AppData\\Local\\Programs\\Python\\Python311\\Lib\\contextlib.py\", line 210, in __aenter__\n    return await anext(self.gen)\n           ^^^^^^^^^^^^^^^^^^^^^\n  File \"D:\\Research\\rosetta\\backend\\app\\api\\deps.py\", line 24, in get_db\n    async for session in get_db_session():\nTypeError: 'async for' requires an object with __aiter__ method, got generator"}
{"asctime": "2026-01-14 16:23:37", "name": "app.main", "levelname": "INFO", "message": "", "event": "Shutting down Rosetta ETL Platform", "logger": "app.main", "level": "info", "timestamp": "2026-01-14T09:23:37.350813Z"}
{"asctime": "2026-01-14 16:23:37", "name": "app.infrastructure.tasks.scheduler", "levelname": "INFO", "message": "", "event": "Stopping background task scheduler", "logger": "app.infrastructure.tasks.scheduler", "level": "info", "timestamp": "2026-01-14T09:23:37.351319Z"}
{"asctime": "2026-01-14 16:23:37", "name": "apscheduler.scheduler", "levelname": "INFO", "message": "Scheduler has been shut down"}
{"asctime": "2026-01-14 16:23:37", "name": "app.infrastructure.tasks.scheduler", "levelname": "INFO", "message": "", "event": "Background task scheduler stopped", "logger": "app.infrastructure.tasks.scheduler", "level": "info", "timestamp": "2026-01-14T09:23:37.375669Z"}
{"asctime": "2026-01-14 16:23:37", "name": "app.main", "levelname": "INFO", "message": "", "event": "Background scheduler stopped", "logger": "app.main", "level": "info", "timestamp": "2026-01-14T09:23:37.376174Z"}
{"asctime": "2026-01-14 16:23:37", "name": "app.core.database", "levelname": "INFO", "message": "", "event": "Closing database connection pool", "logger": "app.core.database", "level": "info", "timestamp": "2026-01-14T09:23:37.378475Z"}
{"asctime": "2026-01-14 16:23:37", "name": "sqlalchemy.pool.impl.QueuePool", "levelname": "INFO", "message": "Pool disposed. Pool size: 20  Connections in pool: 0 Current Overflow: -20 Current Checked out connections: 0"}
{"asctime": "2026-01-14 16:23:37", "name": "sqlalchemy.pool.impl.QueuePool", "levelname": "INFO", "message": "Pool recreating"}
{"asctime": "2026-01-14 16:23:37", "name": "app.core.database", "levelname": "INFO", "message": "", "event": "Database connection pool closed", "logger": "app.core.database", "level": "info", "timestamp": "2026-01-14T09:23:37.388759Z"}
{"asctime": "2026-01-14 16:23:37", "name": "app.main", "levelname": "INFO", "message": "", "event": "Database connections closed", "logger": "app.main", "level": "info", "timestamp": "2026-01-14T09:23:37.389264Z"}
{"asctime": "2026-01-14 16:23:37", "name": "app.main", "levelname": "INFO", "message": "", "event": "Application shutdown completed successfully", "logger": "app.main", "level": "info", "timestamp": "2026-01-14T09:23:37.389264Z"}
{"asctime": "2026-01-14 16:25:46", "name": "app.main", "levelname": "INFO", "message": "", "extra": {"version": "1.0.0", "environment": "development"}, "event": "Starting Rosetta ETL Platform", "logger": "app.main", "level": "info", "timestamp": "2026-01-14T09:25:46.386463Z"}
{"asctime": "2026-01-14 16:25:46", "name": "app.core.database", "levelname": "INFO", "message": "", "extra": {"pool_size": 20, "max_overflow": 10, "pool_timeout": 30}, "event": "Initializing database connection pool", "logger": "app.core.database", "level": "info", "timestamp": "2026-01-14T09:25:46.387469Z"}
{"asctime": "2026-01-14 16:25:46", "name": "app.core.database", "levelname": "INFO", "message": "", "event": "Database connection pool initialized successfully", "logger": "app.core.database", "level": "info", "timestamp": "2026-01-14T09:25:46.416714Z"}
{"asctime": "2026-01-14 16:25:46", "name": "app.main", "levelname": "INFO", "message": "", "event": "Database initialized successfully", "logger": "app.main", "level": "info", "timestamp": "2026-01-14T09:25:46.417669Z"}
{"asctime": "2026-01-14 16:25:46", "name": "app.infrastructure.tasks.scheduler", "levelname": "INFO", "message": "", "event": "Starting background task scheduler", "logger": "app.infrastructure.tasks.scheduler", "level": "info", "timestamp": "2026-01-14T09:25:46.418691Z"}
{"asctime": "2026-01-14 16:25:46", "name": "apscheduler.scheduler", "levelname": "INFO", "message": "Adding job tentatively -- it will be properly scheduled when the scheduler starts"}
{"asctime": "2026-01-14 16:25:46", "name": "app.infrastructure.tasks.scheduler", "levelname": "INFO", "message": "", "extra": {"interval_seconds": 300}, "event": "WAL monitoring scheduled", "logger": "app.infrastructure.tasks.scheduler", "level": "info", "timestamp": "2026-01-14T09:25:46.442481Z"}
{"asctime": "2026-01-14 16:25:46", "name": "apscheduler.scheduler", "levelname": "INFO", "message": "Added job \"PostgreSQL WAL Monitor\" to job store \"default\""}
{"asctime": "2026-01-14 16:25:46", "name": "apscheduler.scheduler", "levelname": "INFO", "message": "Scheduler started"}
{"asctime": "2026-01-14 16:25:46", "name": "app.infrastructure.tasks.scheduler", "levelname": "INFO", "message": "", "event": "Background task scheduler started successfully", "logger": "app.infrastructure.tasks.scheduler", "level": "info", "timestamp": "2026-01-14T09:25:46.463661Z"}
{"asctime": "2026-01-14 16:25:46", "name": "app.main", "levelname": "INFO", "message": "", "event": "Background scheduler started successfully", "logger": "app.main", "level": "info", "timestamp": "2026-01-14T09:25:46.464715Z"}
{"asctime": "2026-01-14 16:25:46", "name": "app.main", "levelname": "INFO", "message": "", "event": "Application startup completed successfully", "logger": "app.main", "level": "info", "timestamp": "2026-01-14T09:25:46.471353Z"}
{"asctime": "2026-01-14 16:25:48", "name": "app.domain.repositories.base", "levelname": "ERROR", "message": "", "extra": {"error": "Mapper 'Mapper[Pipeline(pipelines)]' has no property 'metadata'.  If this property was indicated from other mappers or configure events, ensure registry.configure() has been called."}, "event": "Failed to get all Destination", "logger": "app.domain.repositories.base", "level": "error", "timestamp": "2026-01-14T09:25:48.660362Z"}
{"asctime": "2026-01-14 16:25:48", "name": "app.core.database", "levelname": "ERROR", "message": "", "extra": {"error": "Failed to get all Destination"}, "event": "Unexpected error during database session", "logger": "app.core.database", "level": "error", "timestamp": "2026-01-14T09:25:48.661893Z"}
{"asctime": "2026-01-14 16:25:48", "name": "app.main", "levelname": "WARNING", "message": "", "extra": {"error": "Failed to get all Destination", "path": "/api/v1/destinations", "status_code": 500}, "event": "Application exception: DatabaseError", "logger": "app.main", "level": "warning", "timestamp": "2026-01-14T09:25:48.663410Z"}
{"asctime": "2026-01-14 16:25:56", "name": "app.main", "levelname": "INFO", "message": "", "event": "Shutting down Rosetta ETL Platform", "logger": "app.main", "level": "info", "timestamp": "2026-01-14T09:25:56.744822Z"}
{"asctime": "2026-01-14 16:25:56", "name": "app.infrastructure.tasks.scheduler", "levelname": "INFO", "message": "", "event": "Stopping background task scheduler", "logger": "app.infrastructure.tasks.scheduler", "level": "info", "timestamp": "2026-01-14T09:25:56.745378Z"}
{"asctime": "2026-01-14 16:25:56", "name": "apscheduler.scheduler", "levelname": "INFO", "message": "Scheduler has been shut down"}
{"asctime": "2026-01-14 16:25:56", "name": "app.infrastructure.tasks.scheduler", "levelname": "INFO", "message": "", "event": "Background task scheduler stopped", "logger": "app.infrastructure.tasks.scheduler", "level": "info", "timestamp": "2026-01-14T09:25:56.751074Z"}
{"asctime": "2026-01-14 16:25:56", "name": "app.main", "levelname": "INFO", "message": "", "event": "Background scheduler stopped", "logger": "app.main", "level": "info", "timestamp": "2026-01-14T09:25:56.752139Z"}
{"asctime": "2026-01-14 16:25:56", "name": "app.core.database", "levelname": "INFO", "message": "", "event": "Closing database connection pool", "logger": "app.core.database", "level": "info", "timestamp": "2026-01-14T09:25:56.752139Z"}
{"asctime": "2026-01-14 16:25:56", "name": "sqlalchemy.pool.impl.QueuePool", "levelname": "INFO", "message": "Pool disposed. Pool size: 20  Connections in pool: 0 Current Overflow: -20 Current Checked out connections: 0"}
{"asctime": "2026-01-14 16:25:56", "name": "sqlalchemy.pool.impl.QueuePool", "levelname": "INFO", "message": "Pool recreating"}
{"asctime": "2026-01-14 16:25:56", "name": "app.core.database", "levelname": "INFO", "message": "", "event": "Database connection pool closed", "logger": "app.core.database", "level": "info", "timestamp": "2026-01-14T09:25:56.754599Z"}
{"asctime": "2026-01-14 16:25:56", "name": "app.main", "levelname": "INFO", "message": "", "event": "Database connections closed", "logger": "app.main", "level": "info", "timestamp": "2026-01-14T09:25:56.755134Z"}
{"asctime": "2026-01-14 16:25:56", "name": "app.main", "levelname": "INFO", "message": "", "event": "Application shutdown completed successfully", "logger": "app.main", "level": "info", "timestamp": "2026-01-14T09:25:56.755134Z"}
{"asctime": "2026-01-14 16:28:36", "name": "app.main", "levelname": "INFO", "message": "", "extra": {"version": "1.0.0", "environment": "development"}, "event": "Starting Rosetta ETL Platform", "logger": "app.main", "level": "info", "timestamp": "2026-01-14T09:28:36.972945Z"}
{"asctime": "2026-01-14 16:28:36", "name": "app.core.database", "levelname": "INFO", "message": "", "extra": {"pool_size": 20, "max_overflow": 10, "pool_timeout": 30}, "event": "Initializing database connection pool", "logger": "app.core.database", "level": "info", "timestamp": "2026-01-14T09:28:36.973948Z"}
{"asctime": "2026-01-14 16:28:36", "name": "app.core.database", "levelname": "INFO", "message": "", "event": "Database connection pool initialized successfully", "logger": "app.core.database", "level": "info", "timestamp": "2026-01-14T09:28:36.998006Z"}
{"asctime": "2026-01-14 16:28:36", "name": "app.main", "levelname": "INFO", "message": "", "event": "Database initialized successfully", "logger": "app.main", "level": "info", "timestamp": "2026-01-14T09:28:36.998006Z"}
{"asctime": "2026-01-14 16:28:36", "name": "app.infrastructure.tasks.scheduler", "levelname": "INFO", "message": "", "event": "Starting background task scheduler", "logger": "app.infrastructure.tasks.scheduler", "level": "info", "timestamp": "2026-01-14T09:28:36.999535Z"}
{"asctime": "2026-01-14 16:28:37", "name": "apscheduler.scheduler", "levelname": "INFO", "message": "Adding job tentatively -- it will be properly scheduled when the scheduler starts"}
{"asctime": "2026-01-14 16:28:37", "name": "app.infrastructure.tasks.scheduler", "levelname": "INFO", "message": "", "extra": {"interval_seconds": 300}, "event": "WAL monitoring scheduled", "logger": "app.infrastructure.tasks.scheduler", "level": "info", "timestamp": "2026-01-14T09:28:37.046505Z"}
{"asctime": "2026-01-14 16:28:37", "name": "apscheduler.scheduler", "levelname": "INFO", "message": "Added job \"PostgreSQL WAL Monitor\" to job store \"default\""}
{"asctime": "2026-01-14 16:28:37", "name": "apscheduler.scheduler", "levelname": "INFO", "message": "Scheduler started"}
{"asctime": "2026-01-14 16:28:37", "name": "app.infrastructure.tasks.scheduler", "levelname": "INFO", "message": "", "event": "Background task scheduler started successfully", "logger": "app.infrastructure.tasks.scheduler", "level": "info", "timestamp": "2026-01-14T09:28:37.055991Z"}
{"asctime": "2026-01-14 16:28:37", "name": "app.main", "levelname": "INFO", "message": "", "event": "Background scheduler started successfully", "logger": "app.main", "level": "info", "timestamp": "2026-01-14T09:28:37.055991Z"}
{"asctime": "2026-01-14 16:28:37", "name": "app.main", "levelname": "INFO", "message": "", "event": "Application startup completed successfully", "logger": "app.main", "level": "info", "timestamp": "2026-01-14T09:28:37.060791Z"}
{"asctime": "2026-01-14 16:28:41", "name": "app.domain.repositories.base", "levelname": "ERROR", "message": "", "extra": {"error": "Mapper 'Mapper[Pipeline(pipelines)]' has no property 'metadata'.  If this property was indicated from other mappers or configure events, ensure registry.configure() has been called."}, "event": "Failed to get all Destination", "logger": "app.domain.repositories.base", "level": "error", "timestamp": "2026-01-14T09:28:41.766253Z"}
{"asctime": "2026-01-14 16:28:41", "name": "app.core.database", "levelname": "ERROR", "message": "", "extra": {"error": "Failed to get all Destination"}, "event": "Unexpected error during database session", "logger": "app.core.database", "level": "error", "timestamp": "2026-01-14T09:28:41.782738Z"}
{"asctime": "2026-01-14 16:28:41", "name": "app.main", "levelname": "WARNING", "message": "", "extra": {"error": "Failed to get all Destination", "path": "/api/v1/destinations", "status_code": 500}, "event": "Application exception: DatabaseError", "logger": "app.main", "level": "warning", "timestamp": "2026-01-14T09:28:41.784311Z"}
{"asctime": "2026-01-14 16:28:48", "name": "app.main", "levelname": "INFO", "message": "", "event": "Shutting down Rosetta ETL Platform", "logger": "app.main", "level": "info", "timestamp": "2026-01-14T09:28:48.893520Z"}
{"asctime": "2026-01-14 16:28:48", "name": "app.infrastructure.tasks.scheduler", "levelname": "INFO", "message": "", "event": "Stopping background task scheduler", "logger": "app.infrastructure.tasks.scheduler", "level": "info", "timestamp": "2026-01-14T09:28:48.894023Z"}
{"asctime": "2026-01-14 16:28:48", "name": "apscheduler.scheduler", "levelname": "INFO", "message": "Scheduler has been shut down"}
{"asctime": "2026-01-14 16:28:48", "name": "app.infrastructure.tasks.scheduler", "levelname": "INFO", "message": "", "event": "Background task scheduler stopped", "logger": "app.infrastructure.tasks.scheduler", "level": "info", "timestamp": "2026-01-14T09:28:48.901260Z"}
{"asctime": "2026-01-14 16:28:48", "name": "app.main", "levelname": "INFO", "message": "", "event": "Background scheduler stopped", "logger": "app.main", "level": "info", "timestamp": "2026-01-14T09:28:48.901764Z"}
{"asctime": "2026-01-14 16:28:48", "name": "app.core.database", "levelname": "INFO", "message": "", "event": "Closing database connection pool", "logger": "app.core.database", "level": "info", "timestamp": "2026-01-14T09:28:48.902293Z"}
{"asctime": "2026-01-14 16:28:48", "name": "sqlalchemy.pool.impl.QueuePool", "levelname": "INFO", "message": "Pool disposed. Pool size: 20  Connections in pool: 0 Current Overflow: -20 Current Checked out connections: 0"}
{"asctime": "2026-01-14 16:28:48", "name": "sqlalchemy.pool.impl.QueuePool", "levelname": "INFO", "message": "Pool recreating"}
{"asctime": "2026-01-14 16:28:48", "name": "app.core.database", "levelname": "INFO", "message": "", "event": "Database connection pool closed", "logger": "app.core.database", "level": "info", "timestamp": "2026-01-14T09:28:48.905301Z"}
{"asctime": "2026-01-14 16:28:48", "name": "app.main", "levelname": "INFO", "message": "", "event": "Database connections closed", "logger": "app.main", "level": "info", "timestamp": "2026-01-14T09:28:48.906810Z"}
{"asctime": "2026-01-14 16:28:48", "name": "app.main", "levelname": "INFO", "message": "", "event": "Application shutdown completed successfully", "logger": "app.main", "level": "info", "timestamp": "2026-01-14T09:28:48.906810Z"}
{"asctime": "2026-01-14 16:29:46", "name": "app.main", "levelname": "INFO", "message": "", "extra": {"version": "1.0.0", "environment": "development"}, "event": "Starting Rosetta ETL Platform", "logger": "app.main", "level": "info", "timestamp": "2026-01-14T09:29:46.250562Z"}
{"asctime": "2026-01-14 16:29:46", "name": "app.core.database", "levelname": "INFO", "message": "", "extra": {"pool_size": 20, "max_overflow": 10, "pool_timeout": 30}, "event": "Initializing database connection pool", "logger": "app.core.database", "level": "info", "timestamp": "2026-01-14T09:29:46.250562Z"}
{"asctime": "2026-01-14 16:29:46", "name": "app.core.database", "levelname": "INFO", "message": "", "event": "Database connection pool initialized successfully", "logger": "app.core.database", "level": "info", "timestamp": "2026-01-14T09:29:46.271778Z"}
{"asctime": "2026-01-14 16:29:46", "name": "app.main", "levelname": "INFO", "message": "", "event": "Database initialized successfully", "logger": "app.main", "level": "info", "timestamp": "2026-01-14T09:29:46.271778Z"}
{"asctime": "2026-01-14 16:29:46", "name": "app.infrastructure.tasks.scheduler", "levelname": "INFO", "message": "", "event": "Starting background task scheduler", "logger": "app.infrastructure.tasks.scheduler", "level": "info", "timestamp": "2026-01-14T09:29:46.272835Z"}
{"asctime": "2026-01-14 16:29:46", "name": "apscheduler.scheduler", "levelname": "INFO", "message": "Adding job tentatively -- it will be properly scheduled when the scheduler starts"}
{"asctime": "2026-01-14 16:29:46", "name": "app.infrastructure.tasks.scheduler", "levelname": "INFO", "message": "", "extra": {"interval_seconds": 300}, "event": "WAL monitoring scheduled", "logger": "app.infrastructure.tasks.scheduler", "level": "info", "timestamp": "2026-01-14T09:29:46.297814Z"}
{"asctime": "2026-01-14 16:29:46", "name": "apscheduler.scheduler", "levelname": "INFO", "message": "Added job \"PostgreSQL WAL Monitor\" to job store \"default\""}
{"asctime": "2026-01-14 16:29:46", "name": "apscheduler.scheduler", "levelname": "INFO", "message": "Scheduler started"}
{"asctime": "2026-01-14 16:29:46", "name": "app.infrastructure.tasks.scheduler", "levelname": "INFO", "message": "", "event": "Background task scheduler started successfully", "logger": "app.infrastructure.tasks.scheduler", "level": "info", "timestamp": "2026-01-14T09:29:46.303864Z"}
{"asctime": "2026-01-14 16:29:46", "name": "app.main", "levelname": "INFO", "message": "", "event": "Background scheduler started successfully", "logger": "app.main", "level": "info", "timestamp": "2026-01-14T09:29:46.303864Z"}
{"asctime": "2026-01-14 16:29:46", "name": "app.main", "levelname": "INFO", "message": "", "event": "Application startup completed successfully", "logger": "app.main", "level": "info", "timestamp": "2026-01-14T09:29:46.307903Z"}
{"asctime": "2026-01-14 16:29:49", "name": "app.domain.repositories.base", "levelname": "ERROR", "message": "", "extra": {"error": "Mapper 'Mapper[Pipeline(pipelines)]' has no property 'metadata'.  If this property was indicated from other mappers or configure events, ensure registry.configure() has been called."}, "event": "Failed to get all Destination", "logger": "app.domain.repositories.base", "level": "error", "timestamp": "2026-01-14T09:29:49.845131Z"}
{"asctime": "2026-01-14 16:29:49", "name": "app.core.database", "levelname": "ERROR", "message": "", "extra": {"error": "Failed to get all Destination"}, "event": "Unexpected error during database session", "logger": "app.core.database", "level": "error", "timestamp": "2026-01-14T09:29:49.846714Z"}
{"asctime": "2026-01-14 16:29:49", "name": "app.main", "levelname": "WARNING", "message": "", "extra": {"error": "Failed to get all Destination", "path": "/api/v1/destinations", "status_code": 500}, "event": "Application exception: DatabaseError", "logger": "app.main", "level": "warning", "timestamp": "2026-01-14T09:29:49.847314Z"}
{"asctime": "2026-01-14 16:29:51", "name": "app.main", "levelname": "INFO", "message": "", "event": "Shutting down Rosetta ETL Platform", "logger": "app.main", "level": "info", "timestamp": "2026-01-14T09:29:51.312279Z"}
{"asctime": "2026-01-14 16:29:51", "name": "app.infrastructure.tasks.scheduler", "levelname": "INFO", "message": "", "event": "Stopping background task scheduler", "logger": "app.infrastructure.tasks.scheduler", "level": "info", "timestamp": "2026-01-14T09:29:51.313296Z"}
{"asctime": "2026-01-14 16:29:51", "name": "apscheduler.scheduler", "levelname": "INFO", "message": "Scheduler has been shut down"}
{"asctime": "2026-01-14 16:29:51", "name": "app.infrastructure.tasks.scheduler", "levelname": "INFO", "message": "", "event": "Background task scheduler stopped", "logger": "app.infrastructure.tasks.scheduler", "level": "info", "timestamp": "2026-01-14T09:29:51.322051Z"}
{"asctime": "2026-01-14 16:29:51", "name": "app.main", "levelname": "INFO", "message": "", "event": "Background scheduler stopped", "logger": "app.main", "level": "info", "timestamp": "2026-01-14T09:29:51.323105Z"}
{"asctime": "2026-01-14 16:29:51", "name": "app.core.database", "levelname": "INFO", "message": "", "event": "Closing database connection pool", "logger": "app.core.database", "level": "info", "timestamp": "2026-01-14T09:29:51.323105Z"}
{"asctime": "2026-01-14 16:29:51", "name": "sqlalchemy.pool.impl.QueuePool", "levelname": "INFO", "message": "Pool disposed. Pool size: 20  Connections in pool: 0 Current Overflow: -20 Current Checked out connections: 0"}
{"asctime": "2026-01-14 16:29:51", "name": "sqlalchemy.pool.impl.QueuePool", "levelname": "INFO", "message": "Pool recreating"}
{"asctime": "2026-01-14 16:29:51", "name": "app.core.database", "levelname": "INFO", "message": "", "event": "Database connection pool closed", "logger": "app.core.database", "level": "info", "timestamp": "2026-01-14T09:29:51.325609Z"}
{"asctime": "2026-01-14 16:29:51", "name": "app.main", "levelname": "INFO", "message": "", "event": "Database connections closed", "logger": "app.main", "level": "info", "timestamp": "2026-01-14T09:29:51.326204Z"}
{"asctime": "2026-01-14 16:29:51", "name": "app.main", "levelname": "INFO", "message": "", "event": "Application shutdown completed successfully", "logger": "app.main", "level": "info", "timestamp": "2026-01-14T09:29:51.326921Z"}
{"asctime": "2026-01-14 16:31:38", "name": "app.main", "levelname": "INFO", "message": "", "extra": {"version": "1.0.0", "environment": "development"}, "event": "Starting Rosetta ETL Platform", "logger": "app.main", "level": "info", "timestamp": "2026-01-14T09:31:38.968113Z"}
{"asctime": "2026-01-14 16:31:38", "name": "app.core.database", "levelname": "INFO", "message": "", "extra": {"pool_size": 20, "max_overflow": 10, "pool_timeout": 30}, "event": "Initializing database connection pool", "logger": "app.core.database", "level": "info", "timestamp": "2026-01-14T09:31:38.968113Z"}
{"asctime": "2026-01-14 16:31:39", "name": "app.core.database", "levelname": "INFO", "message": "", "event": "Database connection pool initialized successfully", "logger": "app.core.database", "level": "info", "timestamp": "2026-01-14T09:31:39.011059Z"}
{"asctime": "2026-01-14 16:31:39", "name": "app.main", "levelname": "INFO", "message": "", "event": "Database initialized successfully", "logger": "app.main", "level": "info", "timestamp": "2026-01-14T09:31:39.011568Z"}
{"asctime": "2026-01-14 16:31:39", "name": "app.infrastructure.tasks.scheduler", "levelname": "INFO", "message": "", "event": "Starting background task scheduler", "logger": "app.infrastructure.tasks.scheduler", "level": "info", "timestamp": "2026-01-14T09:31:39.013682Z"}
{"asctime": "2026-01-14 16:31:39", "name": "apscheduler.scheduler", "levelname": "INFO", "message": "Adding job tentatively -- it will be properly scheduled when the scheduler starts"}
{"asctime": "2026-01-14 16:31:39", "name": "app.infrastructure.tasks.scheduler", "levelname": "INFO", "message": "", "extra": {"interval_seconds": 300}, "event": "WAL monitoring scheduled", "logger": "app.infrastructure.tasks.scheduler", "level": "info", "timestamp": "2026-01-14T09:31:39.036152Z"}
{"asctime": "2026-01-14 16:31:39", "name": "apscheduler.scheduler", "levelname": "INFO", "message": "Added job \"PostgreSQL WAL Monitor\" to job store \"default\""}
{"asctime": "2026-01-14 16:31:39", "name": "apscheduler.scheduler", "levelname": "INFO", "message": "Scheduler started"}
{"asctime": "2026-01-14 16:31:39", "name": "app.infrastructure.tasks.scheduler", "levelname": "INFO", "message": "", "event": "Background task scheduler started successfully", "logger": "app.infrastructure.tasks.scheduler", "level": "info", "timestamp": "2026-01-14T09:31:39.038935Z"}
{"asctime": "2026-01-14 16:31:39", "name": "app.main", "levelname": "INFO", "message": "", "event": "Background scheduler started successfully", "logger": "app.main", "level": "info", "timestamp": "2026-01-14T09:31:39.039958Z"}
{"asctime": "2026-01-14 16:31:39", "name": "app.main", "levelname": "INFO", "message": "", "event": "Application startup completed successfully", "logger": "app.main", "level": "info", "timestamp": "2026-01-14T09:31:39.053089Z"}
{"asctime": "2026-01-14 16:31:41", "name": "app.core.database", "levelname": "ERROR", "message": "", "extra": {"error": "object list can't be used in 'await' expression"}, "event": "Unexpected error during database session", "logger": "app.core.database", "level": "error", "timestamp": "2026-01-14T09:31:41.936304Z"}
{"asctime": "2026-01-14 16:31:41", "name": "app.main", "levelname": "ERROR", "message": "", "extra": {"error": "object list can't be used in 'await' expression", "type": "TypeError", "path": "/api/v1/destinations"}, "event": "Unexpected exception", "logger": "app.main", "level": "error", "timestamp": "2026-01-14T09:31:41.936304Z", "exception": "Traceback (most recent call last):\n  File \"D:\\Research\\rosetta\\backend\\venv\\Lib\\site-packages\\starlette\\middleware\\errors.py\", line 162, in __call__\n    await self.app(scope, receive, _send)\n  File \"D:\\Research\\rosetta\\backend\\venv\\Lib\\site-packages\\starlette\\middleware\\cors.py\", line 83, in __call__\n    await self.app(scope, receive, send)\n  File \"D:\\Research\\rosetta\\backend\\venv\\Lib\\site-packages\\starlette\\middleware\\exceptions.py\", line 79, in __call__\n    raise exc\n  File \"D:\\Research\\rosetta\\backend\\venv\\Lib\\site-packages\\starlette\\middleware\\exceptions.py\", line 68, in __call__\n    await self.app(scope, receive, sender)\n  File \"D:\\Research\\rosetta\\backend\\venv\\Lib\\site-packages\\fastapi\\middleware\\asyncexitstack.py\", line 20, in __call__\n    raise e\n  File \"D:\\Research\\rosetta\\backend\\venv\\Lib\\site-packages\\fastapi\\middleware\\asyncexitstack.py\", line 17, in __call__\n    await self.app(scope, receive, send)\n  File \"D:\\Research\\rosetta\\backend\\venv\\Lib\\site-packages\\starlette\\routing.py\", line 718, in __call__\n    await route.handle(scope, receive, send)\n  File \"D:\\Research\\rosetta\\backend\\venv\\Lib\\site-packages\\starlette\\routing.py\", line 276, in handle\n    await self.app(scope, receive, send)\n  File \"D:\\Research\\rosetta\\backend\\venv\\Lib\\site-packages\\starlette\\routing.py\", line 66, in app\n    response = await func(request)\n               ^^^^^^^^^^^^^^^^^^^\n  File \"D:\\Research\\rosetta\\backend\\venv\\Lib\\site-packages\\fastapi\\routing.py\", line 274, in app\n    raw_response = await run_endpoint_function(\n                   ^^^^^^^^^^^^^^^^^^^^^^^^^^^^\n  File \"D:\\Research\\rosetta\\backend\\venv\\Lib\\site-packages\\fastapi\\routing.py\", line 191, in run_endpoint_function\n    return await dependant.call(**values)\n           ^^^^^^^^^^^^^^^^^^^^^^^^^^^^^^\n  File \"D:\\Research\\rosetta\\backend\\app\\api\\v1\\endpoints\\destinations.py\", line 71, in list_destinations\n    destinations = await service.list_destinations(skip=skip, limit=limit)\n                   ^^^^^^^^^^^^^^^^^^^^^^^^^^^^^^^^^^^^^^^^^^^^^^^^^^^^^^^\n  File \"D:\\Research\\rosetta\\backend\\app\\domain\\services\\destination.py\", line 92, in list_destinations\n    return await self.repository.get_all(skip=skip, limit=limit)\n           ^^^^^^^^^^^^^^^^^^^^^^^^^^^^^^^^^^^^^^^^^^^^^^^^^^^^^\nTypeError: object list can't be used in 'await' expression"}
{"asctime": "2026-01-14 16:31:45", "name": "app.main", "levelname": "INFO", "message": "", "event": "Shutting down Rosetta ETL Platform", "logger": "app.main", "level": "info", "timestamp": "2026-01-14T09:31:45.662690Z"}
{"asctime": "2026-01-14 16:31:45", "name": "app.infrastructure.tasks.scheduler", "levelname": "INFO", "message": "", "event": "Stopping background task scheduler", "logger": "app.infrastructure.tasks.scheduler", "level": "info", "timestamp": "2026-01-14T09:31:45.662805Z"}
{"asctime": "2026-01-14 16:31:45", "name": "apscheduler.scheduler", "levelname": "INFO", "message": "Scheduler has been shut down"}
{"asctime": "2026-01-14 16:31:45", "name": "app.infrastructure.tasks.scheduler", "levelname": "INFO", "message": "", "event": "Background task scheduler stopped", "logger": "app.infrastructure.tasks.scheduler", "level": "info", "timestamp": "2026-01-14T09:31:45.669001Z"}
{"asctime": "2026-01-14 16:31:45", "name": "app.main", "levelname": "INFO", "message": "", "event": "Background scheduler stopped", "logger": "app.main", "level": "info", "timestamp": "2026-01-14T09:31:45.669505Z"}
{"asctime": "2026-01-14 16:31:45", "name": "app.core.database", "levelname": "INFO", "message": "", "event": "Closing database connection pool", "logger": "app.core.database", "level": "info", "timestamp": "2026-01-14T09:31:45.670024Z"}
{"asctime": "2026-01-14 16:31:45", "name": "sqlalchemy.pool.impl.QueuePool", "levelname": "INFO", "message": "Pool disposed. Pool size: 20  Connections in pool: 0 Current Overflow: -20 Current Checked out connections: 0"}
{"asctime": "2026-01-14 16:31:45", "name": "sqlalchemy.pool.impl.QueuePool", "levelname": "INFO", "message": "Pool recreating"}
{"asctime": "2026-01-14 16:31:45", "name": "app.core.database", "levelname": "INFO", "message": "", "event": "Database connection pool closed", "logger": "app.core.database", "level": "info", "timestamp": "2026-01-14T09:31:45.672029Z"}
{"asctime": "2026-01-14 16:31:45", "name": "app.main", "levelname": "INFO", "message": "", "event": "Database connections closed", "logger": "app.main", "level": "info", "timestamp": "2026-01-14T09:31:45.672534Z"}
{"asctime": "2026-01-14 16:31:45", "name": "app.main", "levelname": "INFO", "message": "", "event": "Application shutdown completed successfully", "logger": "app.main", "level": "info", "timestamp": "2026-01-14T09:31:45.673044Z"}
{"asctime": "2026-01-14 16:35:30", "name": "app.main", "levelname": "INFO", "message": "", "extra": {"version": "1.0.0", "environment": "development"}, "event": "Starting Rosetta ETL Platform", "logger": "app.main", "level": "info", "timestamp": "2026-01-14T09:35:30.668270Z"}
{"asctime": "2026-01-14 16:35:30", "name": "app.core.database", "levelname": "INFO", "message": "", "extra": {"pool_size": 20, "max_overflow": 10, "pool_timeout": 30}, "event": "Initializing database connection pool", "logger": "app.core.database", "level": "info", "timestamp": "2026-01-14T09:35:30.668270Z"}
{"asctime": "2026-01-14 16:35:30", "name": "app.core.database", "levelname": "INFO", "message": "", "event": "Database connection pool initialized successfully", "logger": "app.core.database", "level": "info", "timestamp": "2026-01-14T09:35:30.693761Z"}
{"asctime": "2026-01-14 16:35:30", "name": "app.main", "levelname": "INFO", "message": "", "event": "Database initialized successfully", "logger": "app.main", "level": "info", "timestamp": "2026-01-14T09:35:30.693761Z"}
{"asctime": "2026-01-14 16:35:30", "name": "app.infrastructure.tasks.scheduler", "levelname": "INFO", "message": "", "event": "Starting background task scheduler", "logger": "app.infrastructure.tasks.scheduler", "level": "info", "timestamp": "2026-01-14T09:35:30.693761Z"}
{"asctime": "2026-01-14 16:35:30", "name": "apscheduler.scheduler", "levelname": "INFO", "message": "Adding job tentatively -- it will be properly scheduled when the scheduler starts"}
{"asctime": "2026-01-14 16:35:30", "name": "app.infrastructure.tasks.scheduler", "levelname": "INFO", "message": "", "extra": {"interval_seconds": 300}, "event": "WAL monitoring scheduled", "logger": "app.infrastructure.tasks.scheduler", "level": "info", "timestamp": "2026-01-14T09:35:30.738314Z"}
{"asctime": "2026-01-14 16:35:30", "name": "apscheduler.scheduler", "levelname": "INFO", "message": "Added job \"PostgreSQL WAL Monitor\" to job store \"default\""}
{"asctime": "2026-01-14 16:35:30", "name": "apscheduler.scheduler", "levelname": "INFO", "message": "Scheduler started"}
{"asctime": "2026-01-14 16:35:30", "name": "app.infrastructure.tasks.scheduler", "levelname": "INFO", "message": "", "event": "Background task scheduler started successfully", "logger": "app.infrastructure.tasks.scheduler", "level": "info", "timestamp": "2026-01-14T09:35:30.740833Z"}
{"asctime": "2026-01-14 16:35:30", "name": "app.main", "levelname": "INFO", "message": "", "event": "Background scheduler started successfully", "logger": "app.main", "level": "info", "timestamp": "2026-01-14T09:35:30.740833Z"}
{"asctime": "2026-01-14 16:35:30", "name": "app.main", "levelname": "INFO", "message": "", "event": "Application startup completed successfully", "logger": "app.main", "level": "info", "timestamp": "2026-01-14T09:35:30.748734Z"}
{"asctime": "2026-01-14 16:35:32", "name": "app.core.database", "levelname": "ERROR", "message": "", "extra": {"error": "type object 'DestinationResponse' has no attribute 'model_validate'"}, "event": "Unexpected error during database session", "logger": "app.core.database", "level": "error", "timestamp": "2026-01-14T09:35:32.161385Z"}
{"asctime": "2026-01-14 16:35:32", "name": "app.main", "levelname": "ERROR", "message": "", "extra": {"error": "type object 'DestinationResponse' has no attribute 'model_validate'", "type": "AttributeError", "path": "/api/v1/destinations"}, "event": "Unexpected exception", "logger": "app.main", "level": "error", "timestamp": "2026-01-14T09:35:32.161906Z", "exception": "Traceback (most recent call last):\n  File \"D:\\Research\\rosetta\\backend\\venv\\Lib\\site-packages\\starlette\\middleware\\errors.py\", line 162, in __call__\n    await self.app(scope, receive, _send)\n  File \"D:\\Research\\rosetta\\backend\\venv\\Lib\\site-packages\\starlette\\middleware\\cors.py\", line 83, in __call__\n    await self.app(scope, receive, send)\n  File \"D:\\Research\\rosetta\\backend\\venv\\Lib\\site-packages\\starlette\\middleware\\exceptions.py\", line 79, in __call__\n    raise exc\n  File \"D:\\Research\\rosetta\\backend\\venv\\Lib\\site-packages\\starlette\\middleware\\exceptions.py\", line 68, in __call__\n    await self.app(scope, receive, sender)\n  File \"D:\\Research\\rosetta\\backend\\venv\\Lib\\site-packages\\fastapi\\middleware\\asyncexitstack.py\", line 20, in __call__\n    raise e\n  File \"D:\\Research\\rosetta\\backend\\venv\\Lib\\site-packages\\fastapi\\middleware\\asyncexitstack.py\", line 17, in __call__\n    await self.app(scope, receive, send)\n  File \"D:\\Research\\rosetta\\backend\\venv\\Lib\\site-packages\\starlette\\routing.py\", line 718, in __call__\n    await route.handle(scope, receive, send)\n  File \"D:\\Research\\rosetta\\backend\\venv\\Lib\\site-packages\\starlette\\routing.py\", line 276, in handle\n    await self.app(scope, receive, send)\n  File \"D:\\Research\\rosetta\\backend\\venv\\Lib\\site-packages\\starlette\\routing.py\", line 66, in app\n    response = await func(request)\n               ^^^^^^^^^^^^^^^^^^^\n  File \"D:\\Research\\rosetta\\backend\\venv\\Lib\\site-packages\\fastapi\\routing.py\", line 274, in app\n    raw_response = await run_endpoint_function(\n                   ^^^^^^^^^^^^^^^^^^^^^^^^^^^^\n  File \"D:\\Research\\rosetta\\backend\\venv\\Lib\\site-packages\\fastapi\\routing.py\", line 191, in run_endpoint_function\n    return await dependant.call(**values)\n           ^^^^^^^^^^^^^^^^^^^^^^^^^^^^^^\n  File \"D:\\Research\\rosetta\\backend\\app\\api\\v1\\endpoints\\destinations.py\", line 72, in list_destinations\n    return [DestinationResponse.model_validate(d) for d in destinations]\n           ^^^^^^^^^^^^^^^^^^^^^^^^^^^^^^^^^^^^^^^^^^^^^^^^^^^^^^^^^^^^^\n  File \"D:\\Research\\rosetta\\backend\\app\\api\\v1\\endpoints\\destinations.py\", line 72, in <listcomp>\n    return [DestinationResponse.model_validate(d) for d in destinations]\n            ^^^^^^^^^^^^^^^^^^^^^^^^^^^^^^^^^^\nAttributeError: type object 'DestinationResponse' has no attribute 'model_validate'"}
{"asctime": "2026-01-14 16:35:35", "name": "app.main", "levelname": "INFO", "message": "", "event": "Shutting down Rosetta ETL Platform", "logger": "app.main", "level": "info", "timestamp": "2026-01-14T09:35:35.060848Z"}
{"asctime": "2026-01-14 16:35:35", "name": "app.infrastructure.tasks.scheduler", "levelname": "INFO", "message": "", "event": "Stopping background task scheduler", "logger": "app.infrastructure.tasks.scheduler", "level": "info", "timestamp": "2026-01-14T09:35:35.061537Z"}
{"asctime": "2026-01-14 16:35:35", "name": "apscheduler.scheduler", "levelname": "INFO", "message": "Scheduler has been shut down"}
{"asctime": "2026-01-14 16:35:35", "name": "app.infrastructure.tasks.scheduler", "levelname": "INFO", "message": "", "event": "Background task scheduler stopped", "logger": "app.infrastructure.tasks.scheduler", "level": "info", "timestamp": "2026-01-14T09:35:35.067224Z"}
{"asctime": "2026-01-14 16:35:35", "name": "app.main", "levelname": "INFO", "message": "", "event": "Background scheduler stopped", "logger": "app.main", "level": "info", "timestamp": "2026-01-14T09:35:35.067388Z"}
{"asctime": "2026-01-14 16:35:35", "name": "app.core.database", "levelname": "INFO", "message": "", "event": "Closing database connection pool", "logger": "app.core.database", "level": "info", "timestamp": "2026-01-14T09:35:35.067388Z"}
{"asctime": "2026-01-14 16:35:35", "name": "sqlalchemy.pool.impl.QueuePool", "levelname": "INFO", "message": "Pool disposed. Pool size: 20  Connections in pool: 0 Current Overflow: -20 Current Checked out connections: 0"}
{"asctime": "2026-01-14 16:35:35", "name": "sqlalchemy.pool.impl.QueuePool", "levelname": "INFO", "message": "Pool recreating"}
{"asctime": "2026-01-14 16:35:35", "name": "app.core.database", "levelname": "INFO", "message": "", "event": "Database connection pool closed", "logger": "app.core.database", "level": "info", "timestamp": "2026-01-14T09:35:35.069900Z"}
{"asctime": "2026-01-14 16:35:35", "name": "app.main", "levelname": "INFO", "message": "", "event": "Database connections closed", "logger": "app.main", "level": "info", "timestamp": "2026-01-14T09:35:35.070904Z"}
{"asctime": "2026-01-14 16:35:35", "name": "app.main", "levelname": "INFO", "message": "", "event": "Application shutdown completed successfully", "logger": "app.main", "level": "info", "timestamp": "2026-01-14T09:35:35.071408Z"}
{"asctime": "2026-01-14 16:46:47", "name": "app.main", "levelname": "INFO", "message": "", "extra": {"version": "1.0.0", "environment": "development"}, "event": "Starting Rosetta ETL Platform", "logger": "app.main", "level": "info", "timestamp": "2026-01-14T09:46:47.742263Z"}
{"asctime": "2026-01-14 16:46:47", "name": "app.core.database", "levelname": "INFO", "message": "", "extra": {"pool_size": 20, "max_overflow": 10, "pool_timeout": 30}, "event": "Initializing database connection pool", "logger": "app.core.database", "level": "info", "timestamp": "2026-01-14T09:46:47.742263Z"}
{"asctime": "2026-01-14 16:46:47", "name": "app.core.database", "levelname": "INFO", "message": "", "event": "Database connection pool initialized successfully", "logger": "app.core.database", "level": "info", "timestamp": "2026-01-14T09:46:47.770941Z"}
{"asctime": "2026-01-14 16:46:47", "name": "app.main", "levelname": "INFO", "message": "", "event": "Database initialized successfully", "logger": "app.main", "level": "info", "timestamp": "2026-01-14T09:46:47.770941Z"}
{"asctime": "2026-01-14 16:46:47", "name": "app.infrastructure.tasks.scheduler", "levelname": "INFO", "message": "", "event": "Starting background task scheduler", "logger": "app.infrastructure.tasks.scheduler", "level": "info", "timestamp": "2026-01-14T09:46:47.771621Z"}
{"asctime": "2026-01-14 16:46:47", "name": "apscheduler.scheduler", "levelname": "INFO", "message": "Adding job tentatively -- it will be properly scheduled when the scheduler starts"}
{"asctime": "2026-01-14 16:46:47", "name": "app.infrastructure.tasks.scheduler", "levelname": "INFO", "message": "", "extra": {"interval_seconds": 300}, "event": "WAL monitoring scheduled", "logger": "app.infrastructure.tasks.scheduler", "level": "info", "timestamp": "2026-01-14T09:46:47.789675Z"}
{"asctime": "2026-01-14 16:46:47", "name": "apscheduler.scheduler", "levelname": "INFO", "message": "Added job \"PostgreSQL WAL Monitor\" to job store \"default\""}
{"asctime": "2026-01-14 16:46:47", "name": "apscheduler.scheduler", "levelname": "INFO", "message": "Scheduler started"}
{"asctime": "2026-01-14 16:46:47", "name": "app.infrastructure.tasks.scheduler", "levelname": "INFO", "message": "", "event": "Background task scheduler started successfully", "logger": "app.infrastructure.tasks.scheduler", "level": "info", "timestamp": "2026-01-14T09:46:47.792196Z"}
{"asctime": "2026-01-14 16:46:47", "name": "app.main", "levelname": "INFO", "message": "", "event": "Background scheduler started successfully", "logger": "app.main", "level": "info", "timestamp": "2026-01-14T09:46:47.792196Z"}
{"asctime": "2026-01-14 16:46:47", "name": "app.main", "levelname": "INFO", "message": "", "event": "Application startup completed successfully", "logger": "app.main", "level": "info", "timestamp": "2026-01-14T09:46:47.796516Z"}
{"asctime": "2026-01-14 16:46:50", "name": "app.core.database", "levelname": "ERROR", "message": "", "extra": {"error": "type object 'DestinationResponse' has no attribute 'model_validate'"}, "event": "Unexpected error during database session", "logger": "app.core.database", "level": "error", "timestamp": "2026-01-14T09:46:50.830414Z"}
{"asctime": "2026-01-14 16:46:50", "name": "app.main", "levelname": "ERROR", "message": "", "extra": {"error": "type object 'DestinationResponse' has no attribute 'model_validate'", "type": "AttributeError", "path": "/api/v1/destinations"}, "event": "Unexpected exception", "logger": "app.main", "level": "error", "timestamp": "2026-01-14T09:46:50.830940Z", "exception": "Traceback (most recent call last):\n  File \"D:\\Research\\rosetta\\backend\\venv\\Lib\\site-packages\\starlette\\middleware\\errors.py\", line 162, in __call__\n    await self.app(scope, receive, _send)\n  File \"D:\\Research\\rosetta\\backend\\venv\\Lib\\site-packages\\starlette\\middleware\\cors.py\", line 83, in __call__\n    await self.app(scope, receive, send)\n  File \"D:\\Research\\rosetta\\backend\\venv\\Lib\\site-packages\\starlette\\middleware\\exceptions.py\", line 79, in __call__\n    raise exc\n  File \"D:\\Research\\rosetta\\backend\\venv\\Lib\\site-packages\\starlette\\middleware\\exceptions.py\", line 68, in __call__\n    await self.app(scope, receive, sender)\n  File \"D:\\Research\\rosetta\\backend\\venv\\Lib\\site-packages\\fastapi\\middleware\\asyncexitstack.py\", line 20, in __call__\n    raise e\n  File \"D:\\Research\\rosetta\\backend\\venv\\Lib\\site-packages\\fastapi\\middleware\\asyncexitstack.py\", line 17, in __call__\n    await self.app(scope, receive, send)\n  File \"D:\\Research\\rosetta\\backend\\venv\\Lib\\site-packages\\starlette\\routing.py\", line 718, in __call__\n    await route.handle(scope, receive, send)\n  File \"D:\\Research\\rosetta\\backend\\venv\\Lib\\site-packages\\starlette\\routing.py\", line 276, in handle\n    await self.app(scope, receive, send)\n  File \"D:\\Research\\rosetta\\backend\\venv\\Lib\\site-packages\\starlette\\routing.py\", line 66, in app\n    response = await func(request)\n               ^^^^^^^^^^^^^^^^^^^\n  File \"D:\\Research\\rosetta\\backend\\venv\\Lib\\site-packages\\fastapi\\routing.py\", line 274, in app\n    raw_response = await run_endpoint_function(\n                   ^^^^^^^^^^^^^^^^^^^^^^^^^^^^\n  File \"D:\\Research\\rosetta\\backend\\venv\\Lib\\site-packages\\fastapi\\routing.py\", line 191, in run_endpoint_function\n    return await dependant.call(**values)\n           ^^^^^^^^^^^^^^^^^^^^^^^^^^^^^^\n  File \"D:\\Research\\rosetta\\backend\\app\\api\\v1\\endpoints\\destinations.py\", line 72, in list_destinations\n    return [DestinationResponse.model_validate(d) for d in destinations]\n           ^^^^^^^^^^^^^^^^^^^^^^^^^^^^^^^^^^^^^^^^^^^^^^^^^^^^^^^^^^^^^\n  File \"D:\\Research\\rosetta\\backend\\app\\api\\v1\\endpoints\\destinations.py\", line 72, in <listcomp>\n    return [DestinationResponse.model_validate(d) for d in destinations]\n            ^^^^^^^^^^^^^^^^^^^^^^^^^^^^^^^^^^\nAttributeError: type object 'DestinationResponse' has no attribute 'model_validate'"}
{"asctime": "2026-01-14 16:46:55", "name": "app.main", "levelname": "INFO", "message": "", "event": "Shutting down Rosetta ETL Platform", "logger": "app.main", "level": "info", "timestamp": "2026-01-14T09:46:55.590450Z"}
{"asctime": "2026-01-14 16:46:55", "name": "app.infrastructure.tasks.scheduler", "levelname": "INFO", "message": "", "event": "Stopping background task scheduler", "logger": "app.infrastructure.tasks.scheduler", "level": "info", "timestamp": "2026-01-14T09:46:55.591171Z"}
{"asctime": "2026-01-14 16:46:55", "name": "apscheduler.scheduler", "levelname": "INFO", "message": "Scheduler has been shut down"}
{"asctime": "2026-01-14 16:46:55", "name": "app.infrastructure.tasks.scheduler", "levelname": "INFO", "message": "", "event": "Background task scheduler stopped", "logger": "app.infrastructure.tasks.scheduler", "level": "info", "timestamp": "2026-01-14T09:46:55.596389Z"}
{"asctime": "2026-01-14 16:46:55", "name": "app.main", "levelname": "INFO", "message": "", "event": "Background scheduler stopped", "logger": "app.main", "level": "info", "timestamp": "2026-01-14T09:46:55.598108Z"}
{"asctime": "2026-01-14 16:46:55", "name": "app.core.database", "levelname": "INFO", "message": "", "event": "Closing database connection pool", "logger": "app.core.database", "level": "info", "timestamp": "2026-01-14T09:46:55.598108Z"}
{"asctime": "2026-01-14 16:46:55", "name": "sqlalchemy.pool.impl.QueuePool", "levelname": "INFO", "message": "Pool disposed. Pool size: 20  Connections in pool: 0 Current Overflow: -20 Current Checked out connections: 0"}
{"asctime": "2026-01-14 16:46:55", "name": "sqlalchemy.pool.impl.QueuePool", "levelname": "INFO", "message": "Pool recreating"}
{"asctime": "2026-01-14 16:46:55", "name": "app.core.database", "levelname": "INFO", "message": "", "event": "Database connection pool closed", "logger": "app.core.database", "level": "info", "timestamp": "2026-01-14T09:46:55.600573Z"}
{"asctime": "2026-01-14 16:46:55", "name": "app.main", "levelname": "INFO", "message": "", "event": "Database connections closed", "logger": "app.main", "level": "info", "timestamp": "2026-01-14T09:46:55.600573Z"}
{"asctime": "2026-01-14 16:46:55", "name": "app.main", "levelname": "INFO", "message": "", "event": "Application shutdown completed successfully", "logger": "app.main", "level": "info", "timestamp": "2026-01-14T09:46:55.601078Z"}
{"asctime": "2026-01-14 16:51:05", "name": "app.main", "levelname": "INFO", "message": "", "extra": {"version": "1.0.0", "environment": "development"}, "event": "Starting Rosetta ETL Platform", "logger": "app.main", "level": "info", "timestamp": "2026-01-14T09:51:05.375592Z"}
{"asctime": "2026-01-14 16:51:05", "name": "app.core.database", "levelname": "INFO", "message": "", "extra": {"pool_size": 20, "max_overflow": 10, "pool_timeout": 30}, "event": "Initializing database connection pool", "logger": "app.core.database", "level": "info", "timestamp": "2026-01-14T09:51:05.376596Z"}
{"asctime": "2026-01-14 16:51:05", "name": "app.core.database", "levelname": "INFO", "message": "", "event": "Database connection pool initialized successfully", "logger": "app.core.database", "level": "info", "timestamp": "2026-01-14T09:51:05.407009Z"}
{"asctime": "2026-01-14 16:51:05", "name": "app.main", "levelname": "INFO", "message": "", "event": "Database initialized successfully", "logger": "app.main", "level": "info", "timestamp": "2026-01-14T09:51:05.408063Z"}
{"asctime": "2026-01-14 16:51:05", "name": "app.infrastructure.tasks.scheduler", "levelname": "INFO", "message": "", "event": "Starting background task scheduler", "logger": "app.infrastructure.tasks.scheduler", "level": "info", "timestamp": "2026-01-14T09:51:05.408063Z"}
{"asctime": "2026-01-14 16:51:05", "name": "apscheduler.scheduler", "levelname": "INFO", "message": "Adding job tentatively -- it will be properly scheduled when the scheduler starts"}
{"asctime": "2026-01-14 16:51:05", "name": "app.infrastructure.tasks.scheduler", "levelname": "INFO", "message": "", "extra": {"interval_seconds": 300}, "event": "WAL monitoring scheduled", "logger": "app.infrastructure.tasks.scheduler", "level": "info", "timestamp": "2026-01-14T09:51:05.438353Z"}
{"asctime": "2026-01-14 16:51:05", "name": "apscheduler.scheduler", "levelname": "INFO", "message": "Added job \"PostgreSQL WAL Monitor\" to job store \"default\""}
{"asctime": "2026-01-14 16:51:05", "name": "apscheduler.scheduler", "levelname": "INFO", "message": "Scheduler started"}
{"asctime": "2026-01-14 16:51:05", "name": "app.infrastructure.tasks.scheduler", "levelname": "INFO", "message": "", "event": "Background task scheduler started successfully", "logger": "app.infrastructure.tasks.scheduler", "level": "info", "timestamp": "2026-01-14T09:51:05.440562Z"}
{"asctime": "2026-01-14 16:51:05", "name": "app.main", "levelname": "INFO", "message": "", "event": "Background scheduler started successfully", "logger": "app.main", "level": "info", "timestamp": "2026-01-14T09:51:05.441069Z"}
{"asctime": "2026-01-14 16:51:05", "name": "app.main", "levelname": "INFO", "message": "", "event": "Application startup completed successfully", "logger": "app.main", "level": "info", "timestamp": "2026-01-14T09:51:05.444201Z"}
{"asctime": "2026-01-14 16:51:08", "name": "app.core.database", "levelname": "ERROR", "message": "", "extra": {"error": "1 validation error for DestinationResponse\nsnowflake_private_key_passphrase\n  value is not None (type=type_error.not_none)"}, "event": "Unexpected error during database session", "logger": "app.core.database", "level": "error", "timestamp": "2026-01-14T09:51:08.790566Z"}
{"asctime": "2026-01-14 16:51:08", "name": "app.main", "levelname": "ERROR", "message": "", "extra": {"error": "1 validation error for DestinationResponse\nsnowflake_private_key_passphrase\n  value is not None (type=type_error.not_none)", "type": "ValidationError", "path": "/api/v1/destinations"}, "event": "Unexpected exception", "logger": "app.main", "level": "error", "timestamp": "2026-01-14T09:51:08.790566Z", "exception": "Traceback (most recent call last):\n  File \"D:\\Research\\rosetta\\backend\\venv\\Lib\\site-packages\\starlette\\middleware\\errors.py\", line 162, in __call__\n    await self.app(scope, receive, _send)\n  File \"D:\\Research\\rosetta\\backend\\venv\\Lib\\site-packages\\starlette\\middleware\\cors.py\", line 83, in __call__\n    await self.app(scope, receive, send)\n  File \"D:\\Research\\rosetta\\backend\\venv\\Lib\\site-packages\\starlette\\middleware\\exceptions.py\", line 79, in __call__\n    raise exc\n  File \"D:\\Research\\rosetta\\backend\\venv\\Lib\\site-packages\\starlette\\middleware\\exceptions.py\", line 68, in __call__\n    await self.app(scope, receive, sender)\n  File \"D:\\Research\\rosetta\\backend\\venv\\Lib\\site-packages\\fastapi\\middleware\\asyncexitstack.py\", line 20, in __call__\n    raise e\n  File \"D:\\Research\\rosetta\\backend\\venv\\Lib\\site-packages\\fastapi\\middleware\\asyncexitstack.py\", line 17, in __call__\n    await self.app(scope, receive, send)\n  File \"D:\\Research\\rosetta\\backend\\venv\\Lib\\site-packages\\starlette\\routing.py\", line 718, in __call__\n    await route.handle(scope, receive, send)\n  File \"D:\\Research\\rosetta\\backend\\venv\\Lib\\site-packages\\starlette\\routing.py\", line 276, in handle\n    await self.app(scope, receive, send)\n  File \"D:\\Research\\rosetta\\backend\\venv\\Lib\\site-packages\\starlette\\routing.py\", line 66, in app\n    response = await func(request)\n               ^^^^^^^^^^^^^^^^^^^\n  File \"D:\\Research\\rosetta\\backend\\venv\\Lib\\site-packages\\fastapi\\routing.py\", line 274, in app\n    raw_response = await run_endpoint_function(\n                   ^^^^^^^^^^^^^^^^^^^^^^^^^^^^\n  File \"D:\\Research\\rosetta\\backend\\venv\\Lib\\site-packages\\fastapi\\routing.py\", line 191, in run_endpoint_function\n    return await dependant.call(**values)\n           ^^^^^^^^^^^^^^^^^^^^^^^^^^^^^^\n  File \"D:\\Research\\rosetta\\backend\\app\\api\\v1\\endpoints\\destinations.py\", line 72, in list_destinations\n    return [DestinationResponse.from_orm(d) for d in destinations]\n           ^^^^^^^^^^^^^^^^^^^^^^^^^^^^^^^^^^^^^^^^^^^^^^^^^^^^^^^\n  File \"D:\\Research\\rosetta\\backend\\app\\api\\v1\\endpoints\\destinations.py\", line 72, in <listcomp>\n    return [DestinationResponse.from_orm(d) for d in destinations]\n            ^^^^^^^^^^^^^^^^^^^^^^^^^^^^^^^\n  File \"pydantic\\main.py\", line 579, in pydantic.main.BaseModel.from_orm\npydantic.error_wrappers.ValidationError: 1 validation error for DestinationResponse\nsnowflake_private_key_passphrase\n  value is not None (type=type_error.not_none)"}
{"asctime": "2026-01-14 16:51:15", "name": "app.main", "levelname": "INFO", "message": "", "event": "Shutting down Rosetta ETL Platform", "logger": "app.main", "level": "info", "timestamp": "2026-01-14T09:51:15.407558Z"}
{"asctime": "2026-01-14 16:51:15", "name": "app.infrastructure.tasks.scheduler", "levelname": "INFO", "message": "", "event": "Stopping background task scheduler", "logger": "app.infrastructure.tasks.scheduler", "level": "info", "timestamp": "2026-01-14T09:51:15.408070Z"}
{"asctime": "2026-01-14 16:51:15", "name": "apscheduler.scheduler", "levelname": "INFO", "message": "Scheduler has been shut down"}
{"asctime": "2026-01-14 16:51:15", "name": "app.infrastructure.tasks.scheduler", "levelname": "INFO", "message": "", "event": "Background task scheduler stopped", "logger": "app.infrastructure.tasks.scheduler", "level": "info", "timestamp": "2026-01-14T09:51:15.414241Z"}
{"asctime": "2026-01-14 16:51:15", "name": "app.main", "levelname": "INFO", "message": "", "event": "Background scheduler stopped", "logger": "app.main", "level": "info", "timestamp": "2026-01-14T09:51:15.414241Z"}
{"asctime": "2026-01-14 16:51:15", "name": "app.core.database", "levelname": "INFO", "message": "", "event": "Closing database connection pool", "logger": "app.core.database", "level": "info", "timestamp": "2026-01-14T09:51:15.414241Z"}
{"asctime": "2026-01-14 16:51:15", "name": "sqlalchemy.pool.impl.QueuePool", "levelname": "INFO", "message": "Pool disposed. Pool size: 20  Connections in pool: 0 Current Overflow: -20 Current Checked out connections: 0"}
{"asctime": "2026-01-14 16:51:15", "name": "sqlalchemy.pool.impl.QueuePool", "levelname": "INFO", "message": "Pool recreating"}
{"asctime": "2026-01-14 16:51:15", "name": "app.core.database", "levelname": "INFO", "message": "", "event": "Database connection pool closed", "logger": "app.core.database", "level": "info", "timestamp": "2026-01-14T09:51:15.416772Z"}
{"asctime": "2026-01-14 16:51:15", "name": "app.main", "levelname": "INFO", "message": "", "event": "Database connections closed", "logger": "app.main", "level": "info", "timestamp": "2026-01-14T09:51:15.417301Z"}
{"asctime": "2026-01-14 16:51:15", "name": "app.main", "levelname": "INFO", "message": "", "event": "Application shutdown completed successfully", "logger": "app.main", "level": "info", "timestamp": "2026-01-14T09:51:15.417301Z"}
{"asctime": "2026-01-14 16:52:36", "name": "app.main", "levelname": "INFO", "message": "", "extra": {"version": "1.0.0", "environment": "development"}, "event": "Starting Rosetta ETL Platform", "logger": "app.main", "level": "info", "timestamp": "2026-01-14T09:52:36.126194Z"}
{"asctime": "2026-01-14 16:52:36", "name": "app.core.database", "levelname": "INFO", "message": "", "extra": {"pool_size": 20, "max_overflow": 10, "pool_timeout": 30}, "event": "Initializing database connection pool", "logger": "app.core.database", "level": "info", "timestamp": "2026-01-14T09:52:36.127206Z"}
{"asctime": "2026-01-14 16:52:36", "name": "app.core.database", "levelname": "INFO", "message": "", "event": "Database connection pool initialized successfully", "logger": "app.core.database", "level": "info", "timestamp": "2026-01-14T09:52:36.150639Z"}
{"asctime": "2026-01-14 16:52:36", "name": "app.main", "levelname": "INFO", "message": "", "event": "Database initialized successfully", "logger": "app.main", "level": "info", "timestamp": "2026-01-14T09:52:36.151146Z"}
{"asctime": "2026-01-14 16:52:36", "name": "app.infrastructure.tasks.scheduler", "levelname": "INFO", "message": "", "event": "Starting background task scheduler", "logger": "app.infrastructure.tasks.scheduler", "level": "info", "timestamp": "2026-01-14T09:52:36.151146Z"}
{"asctime": "2026-01-14 16:52:36", "name": "apscheduler.scheduler", "levelname": "INFO", "message": "Adding job tentatively -- it will be properly scheduled when the scheduler starts"}
{"asctime": "2026-01-14 16:52:36", "name": "app.infrastructure.tasks.scheduler", "levelname": "INFO", "message": "", "extra": {"interval_seconds": 300}, "event": "WAL monitoring scheduled", "logger": "app.infrastructure.tasks.scheduler", "level": "info", "timestamp": "2026-01-14T09:52:36.165928Z"}
{"asctime": "2026-01-14 16:52:36", "name": "apscheduler.scheduler", "levelname": "INFO", "message": "Added job \"PostgreSQL WAL Monitor\" to job store \"default\""}
{"asctime": "2026-01-14 16:52:36", "name": "apscheduler.scheduler", "levelname": "INFO", "message": "Scheduler started"}
{"asctime": "2026-01-14 16:52:36", "name": "app.infrastructure.tasks.scheduler", "levelname": "INFO", "message": "", "event": "Background task scheduler started successfully", "logger": "app.infrastructure.tasks.scheduler", "level": "info", "timestamp": "2026-01-14T09:52:36.166958Z"}
{"asctime": "2026-01-14 16:52:36", "name": "app.main", "levelname": "INFO", "message": "", "event": "Background scheduler started successfully", "logger": "app.main", "level": "info", "timestamp": "2026-01-14T09:52:36.168503Z"}
{"asctime": "2026-01-14 16:52:36", "name": "app.main", "levelname": "INFO", "message": "", "event": "Application startup completed successfully", "logger": "app.main", "level": "info", "timestamp": "2026-01-14T09:52:36.175950Z"}
{"asctime": "2026-01-14 16:52:38", "name": "app.core.database", "levelname": "ERROR", "message": "", "extra": {"error": "1 validation error for DestinationResponse\nsnowflake_private_key_passphrase\n  value is not None (type=type_error.not_none)"}, "event": "Unexpected error during database session", "logger": "app.core.database", "level": "error", "timestamp": "2026-01-14T09:52:38.627725Z"}
{"asctime": "2026-01-14 16:52:38", "name": "app.main", "levelname": "ERROR", "message": "", "extra": {"error": "1 validation error for DestinationResponse\nsnowflake_private_key_passphrase\n  value is not None (type=type_error.not_none)", "type": "ValidationError", "path": "/api/v1/destinations"}, "event": "Unexpected exception", "logger": "app.main", "level": "error", "timestamp": "2026-01-14T09:52:38.628742Z", "exception": "Traceback (most recent call last):\n  File \"D:\\Research\\rosetta\\backend\\venv\\Lib\\site-packages\\starlette\\middleware\\errors.py\", line 162, in __call__\n    await self.app(scope, receive, _send)\n  File \"D:\\Research\\rosetta\\backend\\venv\\Lib\\site-packages\\starlette\\middleware\\cors.py\", line 83, in __call__\n    await self.app(scope, receive, send)\n  File \"D:\\Research\\rosetta\\backend\\venv\\Lib\\site-packages\\starlette\\middleware\\exceptions.py\", line 79, in __call__\n    raise exc\n  File \"D:\\Research\\rosetta\\backend\\venv\\Lib\\site-packages\\starlette\\middleware\\exceptions.py\", line 68, in __call__\n    await self.app(scope, receive, sender)\n  File \"D:\\Research\\rosetta\\backend\\venv\\Lib\\site-packages\\fastapi\\middleware\\asyncexitstack.py\", line 20, in __call__\n    raise e\n  File \"D:\\Research\\rosetta\\backend\\venv\\Lib\\site-packages\\fastapi\\middleware\\asyncexitstack.py\", line 17, in __call__\n    await self.app(scope, receive, send)\n  File \"D:\\Research\\rosetta\\backend\\venv\\Lib\\site-packages\\starlette\\routing.py\", line 718, in __call__\n    await route.handle(scope, receive, send)\n  File \"D:\\Research\\rosetta\\backend\\venv\\Lib\\site-packages\\starlette\\routing.py\", line 276, in handle\n    await self.app(scope, receive, send)\n  File \"D:\\Research\\rosetta\\backend\\venv\\Lib\\site-packages\\starlette\\routing.py\", line 66, in app\n    response = await func(request)\n               ^^^^^^^^^^^^^^^^^^^\n  File \"D:\\Research\\rosetta\\backend\\venv\\Lib\\site-packages\\fastapi\\routing.py\", line 274, in app\n    raw_response = await run_endpoint_function(\n                   ^^^^^^^^^^^^^^^^^^^^^^^^^^^^\n  File \"D:\\Research\\rosetta\\backend\\venv\\Lib\\site-packages\\fastapi\\routing.py\", line 191, in run_endpoint_function\n    return await dependant.call(**values)\n           ^^^^^^^^^^^^^^^^^^^^^^^^^^^^^^\n  File \"D:\\Research\\rosetta\\backend\\app\\api\\v1\\endpoints\\destinations.py\", line 72, in list_destinations\n    return [DestinationResponse.from_orm(d) for d in destinations]\n           ^^^^^^^^^^^^^^^^^^^^^^^^^^^^^^^^^^^^^^^^^^^^^^^^^^^^^^^\n  File \"D:\\Research\\rosetta\\backend\\app\\api\\v1\\endpoints\\destinations.py\", line 72, in <listcomp>\n    return [DestinationResponse.from_orm(d) for d in destinations]\n            ^^^^^^^^^^^^^^^^^^^^^^^^^^^^^^^\n  File \"pydantic\\main.py\", line 579, in pydantic.main.BaseModel.from_orm\npydantic.error_wrappers.ValidationError: 1 validation error for DestinationResponse\nsnowflake_private_key_passphrase\n  value is not None (type=type_error.not_none)"}
{"asctime": "2026-01-14 16:53:32", "name": "app.main", "levelname": "INFO", "message": "", "event": "Shutting down Rosetta ETL Platform", "logger": "app.main", "level": "info", "timestamp": "2026-01-14T09:53:32.049425Z"}
{"asctime": "2026-01-14 16:53:32", "name": "app.infrastructure.tasks.scheduler", "levelname": "INFO", "message": "", "event": "Stopping background task scheduler", "logger": "app.infrastructure.tasks.scheduler", "level": "info", "timestamp": "2026-01-14T09:53:32.049425Z"}
{"asctime": "2026-01-14 16:53:32", "name": "apscheduler.scheduler", "levelname": "INFO", "message": "Scheduler has been shut down"}
{"asctime": "2026-01-14 16:53:32", "name": "app.infrastructure.tasks.scheduler", "levelname": "INFO", "message": "", "event": "Background task scheduler stopped", "logger": "app.infrastructure.tasks.scheduler", "level": "info", "timestamp": "2026-01-14T09:53:32.054048Z"}
{"asctime": "2026-01-14 16:53:32", "name": "app.main", "levelname": "INFO", "message": "", "event": "Background scheduler stopped", "logger": "app.main", "level": "info", "timestamp": "2026-01-14T09:53:32.054552Z"}
{"asctime": "2026-01-14 16:53:32", "name": "app.core.database", "levelname": "INFO", "message": "", "event": "Closing database connection pool", "logger": "app.core.database", "level": "info", "timestamp": "2026-01-14T09:53:32.055071Z"}
{"asctime": "2026-01-14 16:53:32", "name": "sqlalchemy.pool.impl.QueuePool", "levelname": "INFO", "message": "Pool disposed. Pool size: 20  Connections in pool: 0 Current Overflow: -20 Current Checked out connections: 0"}
{"asctime": "2026-01-14 16:53:32", "name": "sqlalchemy.pool.impl.QueuePool", "levelname": "INFO", "message": "Pool recreating"}
{"asctime": "2026-01-14 16:53:32", "name": "app.core.database", "levelname": "INFO", "message": "", "event": "Database connection pool closed", "logger": "app.core.database", "level": "info", "timestamp": "2026-01-14T09:53:32.057105Z"}
{"asctime": "2026-01-14 16:53:32", "name": "app.main", "levelname": "INFO", "message": "", "event": "Database connections closed", "logger": "app.main", "level": "info", "timestamp": "2026-01-14T09:53:32.057635Z"}
{"asctime": "2026-01-14 16:53:32", "name": "app.main", "levelname": "INFO", "message": "", "event": "Application shutdown completed successfully", "logger": "app.main", "level": "info", "timestamp": "2026-01-14T09:53:32.058219Z"}
{"asctime": "2026-01-14 16:53:33", "name": "app.main", "levelname": "INFO", "message": "", "extra": {"version": "1.0.0", "environment": "development"}, "event": "Starting Rosetta ETL Platform", "logger": "app.main", "level": "info", "timestamp": "2026-01-14T09:53:33.874845Z"}
{"asctime": "2026-01-14 16:53:33", "name": "app.core.database", "levelname": "INFO", "message": "", "extra": {"pool_size": 20, "max_overflow": 10, "pool_timeout": 30}, "event": "Initializing database connection pool", "logger": "app.core.database", "level": "info", "timestamp": "2026-01-14T09:53:33.875862Z"}
{"asctime": "2026-01-14 16:53:33", "name": "app.core.database", "levelname": "INFO", "message": "", "event": "Database connection pool initialized successfully", "logger": "app.core.database", "level": "info", "timestamp": "2026-01-14T09:53:33.904535Z"}
{"asctime": "2026-01-14 16:53:33", "name": "app.main", "levelname": "INFO", "message": "", "event": "Database initialized successfully", "logger": "app.main", "level": "info", "timestamp": "2026-01-14T09:53:33.905139Z"}
{"asctime": "2026-01-14 16:53:33", "name": "app.infrastructure.tasks.scheduler", "levelname": "INFO", "message": "", "event": "Starting background task scheduler", "logger": "app.infrastructure.tasks.scheduler", "level": "info", "timestamp": "2026-01-14T09:53:33.905139Z"}
{"asctime": "2026-01-14 16:53:33", "name": "apscheduler.scheduler", "levelname": "INFO", "message": "Adding job tentatively -- it will be properly scheduled when the scheduler starts"}
{"asctime": "2026-01-14 16:53:33", "name": "app.infrastructure.tasks.scheduler", "levelname": "INFO", "message": "", "extra": {"interval_seconds": 300}, "event": "WAL monitoring scheduled", "logger": "app.infrastructure.tasks.scheduler", "level": "info", "timestamp": "2026-01-14T09:53:33.914864Z"}
{"asctime": "2026-01-14 16:53:33", "name": "apscheduler.scheduler", "levelname": "INFO", "message": "Added job \"PostgreSQL WAL Monitor\" to job store \"default\""}
{"asctime": "2026-01-14 16:53:33", "name": "apscheduler.scheduler", "levelname": "INFO", "message": "Scheduler started"}
{"asctime": "2026-01-14 16:53:33", "name": "app.infrastructure.tasks.scheduler", "levelname": "INFO", "message": "", "event": "Background task scheduler started successfully", "logger": "app.infrastructure.tasks.scheduler", "level": "info", "timestamp": "2026-01-14T09:53:33.918389Z"}
{"asctime": "2026-01-14 16:53:33", "name": "app.main", "levelname": "INFO", "message": "", "event": "Background scheduler started successfully", "logger": "app.main", "level": "info", "timestamp": "2026-01-14T09:53:33.918895Z"}
{"asctime": "2026-01-14 16:53:33", "name": "app.main", "levelname": "INFO", "message": "", "event": "Application startup completed successfully", "logger": "app.main", "level": "info", "timestamp": "2026-01-14T09:53:33.924334Z"}
{"asctime": "2026-01-14 16:53:35", "name": "app.main", "levelname": "INFO", "message": "", "event": "Shutting down Rosetta ETL Platform", "logger": "app.main", "level": "info", "timestamp": "2026-01-14T09:53:35.118811Z"}
{"asctime": "2026-01-14 16:53:35", "name": "app.infrastructure.tasks.scheduler", "levelname": "INFO", "message": "", "event": "Stopping background task scheduler", "logger": "app.infrastructure.tasks.scheduler", "level": "info", "timestamp": "2026-01-14T09:53:35.119810Z"}
{"asctime": "2026-01-14 16:53:35", "name": "apscheduler.scheduler", "levelname": "INFO", "message": "Scheduler has been shut down"}
{"asctime": "2026-01-14 16:53:35", "name": "app.infrastructure.tasks.scheduler", "levelname": "INFO", "message": "", "event": "Background task scheduler stopped", "logger": "app.infrastructure.tasks.scheduler", "level": "info", "timestamp": "2026-01-14T09:53:35.124266Z"}
{"asctime": "2026-01-14 16:53:35", "name": "app.main", "levelname": "INFO", "message": "", "event": "Background scheduler stopped", "logger": "app.main", "level": "info", "timestamp": "2026-01-14T09:53:35.125052Z"}
{"asctime": "2026-01-14 16:53:35", "name": "app.core.database", "levelname": "INFO", "message": "", "event": "Closing database connection pool", "logger": "app.core.database", "level": "info", "timestamp": "2026-01-14T09:53:35.125052Z"}
{"asctime": "2026-01-14 16:53:35", "name": "sqlalchemy.pool.impl.QueuePool", "levelname": "INFO", "message": "Pool disposed. Pool size: 20  Connections in pool: 0 Current Overflow: -20 Current Checked out connections: 0"}
{"asctime": "2026-01-14 16:53:35", "name": "sqlalchemy.pool.impl.QueuePool", "levelname": "INFO", "message": "Pool recreating"}
{"asctime": "2026-01-14 16:53:35", "name": "app.core.database", "levelname": "INFO", "message": "", "event": "Database connection pool closed", "logger": "app.core.database", "level": "info", "timestamp": "2026-01-14T09:53:35.126692Z"}
{"asctime": "2026-01-14 16:53:35", "name": "app.main", "levelname": "INFO", "message": "", "event": "Database connections closed", "logger": "app.main", "level": "info", "timestamp": "2026-01-14T09:53:35.127697Z"}
{"asctime": "2026-01-14 16:53:35", "name": "app.main", "levelname": "INFO", "message": "", "event": "Application shutdown completed successfully", "logger": "app.main", "level": "info", "timestamp": "2026-01-14T09:53:35.127697Z"}
{"asctime": "2026-01-14 16:53:37", "name": "app.main", "levelname": "INFO", "message": "", "extra": {"version": "1.0.0", "environment": "development"}, "event": "Starting Rosetta ETL Platform", "logger": "app.main", "level": "info", "timestamp": "2026-01-14T09:53:37.366087Z"}
{"asctime": "2026-01-14 16:53:37", "name": "app.core.database", "levelname": "INFO", "message": "", "extra": {"pool_size": 20, "max_overflow": 10, "pool_timeout": 30}, "event": "Initializing database connection pool", "logger": "app.core.database", "level": "info", "timestamp": "2026-01-14T09:53:37.367247Z"}
{"asctime": "2026-01-14 16:53:37", "name": "app.core.database", "levelname": "INFO", "message": "", "event": "Database connection pool initialized successfully", "logger": "app.core.database", "level": "info", "timestamp": "2026-01-14T09:53:37.394031Z"}
{"asctime": "2026-01-14 16:53:37", "name": "app.main", "levelname": "INFO", "message": "", "event": "Database initialized successfully", "logger": "app.main", "level": "info", "timestamp": "2026-01-14T09:53:37.395082Z"}
{"asctime": "2026-01-14 16:53:37", "name": "app.infrastructure.tasks.scheduler", "levelname": "INFO", "message": "", "event": "Starting background task scheduler", "logger": "app.infrastructure.tasks.scheduler", "level": "info", "timestamp": "2026-01-14T09:53:37.395082Z"}
{"asctime": "2026-01-14 16:53:37", "name": "apscheduler.scheduler", "levelname": "INFO", "message": "Adding job tentatively -- it will be properly scheduled when the scheduler starts"}
{"asctime": "2026-01-14 16:53:37", "name": "app.infrastructure.tasks.scheduler", "levelname": "INFO", "message": "", "extra": {"interval_seconds": 300}, "event": "WAL monitoring scheduled", "logger": "app.infrastructure.tasks.scheduler", "level": "info", "timestamp": "2026-01-14T09:53:37.408935Z"}
{"asctime": "2026-01-14 16:53:37", "name": "apscheduler.scheduler", "levelname": "INFO", "message": "Added job \"PostgreSQL WAL Monitor\" to job store \"default\""}
{"asctime": "2026-01-14 16:53:37", "name": "apscheduler.scheduler", "levelname": "INFO", "message": "Scheduler started"}
{"asctime": "2026-01-14 16:53:37", "name": "app.infrastructure.tasks.scheduler", "levelname": "INFO", "message": "", "event": "Background task scheduler started successfully", "logger": "app.infrastructure.tasks.scheduler", "level": "info", "timestamp": "2026-01-14T09:53:37.410975Z"}
{"asctime": "2026-01-14 16:53:37", "name": "app.main", "levelname": "INFO", "message": "", "event": "Background scheduler started successfully", "logger": "app.main", "level": "info", "timestamp": "2026-01-14T09:53:37.410975Z"}
{"asctime": "2026-01-14 16:53:37", "name": "app.main", "levelname": "INFO", "message": "", "event": "Application startup completed successfully", "logger": "app.main", "level": "info", "timestamp": "2026-01-14T09:53:37.415523Z"}
{"asctime": "2026-01-14 16:53:40", "name": "app.main", "levelname": "INFO", "message": "", "event": "Shutting down Rosetta ETL Platform", "logger": "app.main", "level": "info", "timestamp": "2026-01-14T09:53:40.126909Z"}
{"asctime": "2026-01-14 16:53:40", "name": "app.infrastructure.tasks.scheduler", "levelname": "INFO", "message": "", "event": "Stopping background task scheduler", "logger": "app.infrastructure.tasks.scheduler", "level": "info", "timestamp": "2026-01-14T09:53:40.126909Z"}
{"asctime": "2026-01-14 16:53:40", "name": "apscheduler.scheduler", "levelname": "INFO", "message": "Scheduler has been shut down"}
{"asctime": "2026-01-14 16:53:40", "name": "app.infrastructure.tasks.scheduler", "levelname": "INFO", "message": "", "event": "Background task scheduler stopped", "logger": "app.infrastructure.tasks.scheduler", "level": "info", "timestamp": "2026-01-14T09:53:40.131047Z"}
{"asctime": "2026-01-14 16:53:40", "name": "app.main", "levelname": "INFO", "message": "", "event": "Background scheduler stopped", "logger": "app.main", "level": "info", "timestamp": "2026-01-14T09:53:40.131585Z"}
{"asctime": "2026-01-14 16:53:40", "name": "app.core.database", "levelname": "INFO", "message": "", "event": "Closing database connection pool", "logger": "app.core.database", "level": "info", "timestamp": "2026-01-14T09:53:40.132590Z"}
{"asctime": "2026-01-14 16:53:40", "name": "sqlalchemy.pool.impl.QueuePool", "levelname": "INFO", "message": "Pool disposed. Pool size: 20  Connections in pool: 0 Current Overflow: -20 Current Checked out connections: 0"}
{"asctime": "2026-01-14 16:53:40", "name": "sqlalchemy.pool.impl.QueuePool", "levelname": "INFO", "message": "Pool recreating"}
{"asctime": "2026-01-14 16:53:40", "name": "app.core.database", "levelname": "INFO", "message": "", "event": "Database connection pool closed", "logger": "app.core.database", "level": "info", "timestamp": "2026-01-14T09:53:40.134101Z"}
{"asctime": "2026-01-14 16:53:40", "name": "app.main", "levelname": "INFO", "message": "", "event": "Database connections closed", "logger": "app.main", "level": "info", "timestamp": "2026-01-14T09:53:40.134631Z"}
{"asctime": "2026-01-14 16:53:40", "name": "app.main", "levelname": "INFO", "message": "", "event": "Application shutdown completed successfully", "logger": "app.main", "level": "info", "timestamp": "2026-01-14T09:53:40.134631Z"}
{"asctime": "2026-01-14 16:53:42", "name": "app.main", "levelname": "INFO", "message": "", "extra": {"version": "1.0.0", "environment": "development"}, "event": "Starting Rosetta ETL Platform", "logger": "app.main", "level": "info", "timestamp": "2026-01-14T09:53:42.189234Z"}
{"asctime": "2026-01-14 16:53:42", "name": "app.core.database", "levelname": "INFO", "message": "", "extra": {"pool_size": 20, "max_overflow": 10, "pool_timeout": 30}, "event": "Initializing database connection pool", "logger": "app.core.database", "level": "info", "timestamp": "2026-01-14T09:53:42.189234Z"}
{"asctime": "2026-01-14 16:53:42", "name": "app.core.database", "levelname": "INFO", "message": "", "event": "Database connection pool initialized successfully", "logger": "app.core.database", "level": "info", "timestamp": "2026-01-14T09:53:42.209545Z"}
{"asctime": "2026-01-14 16:53:42", "name": "app.main", "levelname": "INFO", "message": "", "event": "Database initialized successfully", "logger": "app.main", "level": "info", "timestamp": "2026-01-14T09:53:42.209545Z"}
{"asctime": "2026-01-14 16:53:42", "name": "app.infrastructure.tasks.scheduler", "levelname": "INFO", "message": "", "event": "Starting background task scheduler", "logger": "app.infrastructure.tasks.scheduler", "level": "info", "timestamp": "2026-01-14T09:53:42.210563Z"}
{"asctime": "2026-01-14 16:53:42", "name": "apscheduler.scheduler", "levelname": "INFO", "message": "Adding job tentatively -- it will be properly scheduled when the scheduler starts"}
{"asctime": "2026-01-14 16:53:42", "name": "app.infrastructure.tasks.scheduler", "levelname": "INFO", "message": "", "extra": {"interval_seconds": 300}, "event": "WAL monitoring scheduled", "logger": "app.infrastructure.tasks.scheduler", "level": "info", "timestamp": "2026-01-14T09:53:42.219699Z"}
{"asctime": "2026-01-14 16:53:42", "name": "apscheduler.scheduler", "levelname": "INFO", "message": "Added job \"PostgreSQL WAL Monitor\" to job store \"default\""}
{"asctime": "2026-01-14 16:53:42", "name": "apscheduler.scheduler", "levelname": "INFO", "message": "Scheduler started"}
{"asctime": "2026-01-14 16:53:42", "name": "app.infrastructure.tasks.scheduler", "levelname": "INFO", "message": "", "event": "Background task scheduler started successfully", "logger": "app.infrastructure.tasks.scheduler", "level": "info", "timestamp": "2026-01-14T09:53:42.221390Z"}
{"asctime": "2026-01-14 16:53:42", "name": "app.main", "levelname": "INFO", "message": "", "event": "Background scheduler started successfully", "logger": "app.main", "level": "info", "timestamp": "2026-01-14T09:53:42.222396Z"}
{"asctime": "2026-01-14 16:53:42", "name": "app.main", "levelname": "INFO", "message": "", "event": "Application startup completed successfully", "logger": "app.main", "level": "info", "timestamp": "2026-01-14T09:53:42.225162Z"}
{"asctime": "2026-01-14 16:53:51", "name": "app.main", "levelname": "INFO", "message": "", "event": "Shutting down Rosetta ETL Platform", "logger": "app.main", "level": "info", "timestamp": "2026-01-14T09:53:51.058069Z"}
{"asctime": "2026-01-14 16:53:51", "name": "app.infrastructure.tasks.scheduler", "levelname": "INFO", "message": "", "event": "Stopping background task scheduler", "logger": "app.infrastructure.tasks.scheduler", "level": "info", "timestamp": "2026-01-14T09:53:51.058069Z"}
{"asctime": "2026-01-14 16:53:51", "name": "apscheduler.scheduler", "levelname": "INFO", "message": "Scheduler has been shut down"}
{"asctime": "2026-01-14 16:53:51", "name": "app.infrastructure.tasks.scheduler", "levelname": "INFO", "message": "", "event": "Background task scheduler stopped", "logger": "app.infrastructure.tasks.scheduler", "level": "info", "timestamp": "2026-01-14T09:53:51.067105Z"}
{"asctime": "2026-01-14 16:53:51", "name": "app.main", "levelname": "INFO", "message": "", "event": "Background scheduler stopped", "logger": "app.main", "level": "info", "timestamp": "2026-01-14T09:53:51.067105Z"}
{"asctime": "2026-01-14 16:53:51", "name": "app.core.database", "levelname": "INFO", "message": "", "event": "Closing database connection pool", "logger": "app.core.database", "level": "info", "timestamp": "2026-01-14T09:53:51.068612Z"}
{"asctime": "2026-01-14 16:53:51", "name": "sqlalchemy.pool.impl.QueuePool", "levelname": "INFO", "message": "Pool disposed. Pool size: 20  Connections in pool: 0 Current Overflow: -20 Current Checked out connections: 0"}
{"asctime": "2026-01-14 16:53:51", "name": "sqlalchemy.pool.impl.QueuePool", "levelname": "INFO", "message": "Pool recreating"}
{"asctime": "2026-01-14 16:53:51", "name": "app.core.database", "levelname": "INFO", "message": "", "event": "Database connection pool closed", "logger": "app.core.database", "level": "info", "timestamp": "2026-01-14T09:53:51.071734Z"}
{"asctime": "2026-01-14 16:53:51", "name": "app.main", "levelname": "INFO", "message": "", "event": "Database connections closed", "logger": "app.main", "level": "info", "timestamp": "2026-01-14T09:53:51.072821Z"}
{"asctime": "2026-01-14 16:53:51", "name": "app.main", "levelname": "INFO", "message": "", "event": "Application shutdown completed successfully", "logger": "app.main", "level": "info", "timestamp": "2026-01-14T09:53:51.072821Z"}
{"asctime": "2026-01-14 16:53:53", "name": "app.main", "levelname": "INFO", "message": "", "extra": {"version": "1.0.0", "environment": "development"}, "event": "Starting Rosetta ETL Platform", "logger": "app.main", "level": "info", "timestamp": "2026-01-14T09:53:53.257206Z"}
{"asctime": "2026-01-14 16:53:53", "name": "app.core.database", "levelname": "INFO", "message": "", "extra": {"pool_size": 20, "max_overflow": 10, "pool_timeout": 30}, "event": "Initializing database connection pool", "logger": "app.core.database", "level": "info", "timestamp": "2026-01-14T09:53:53.258265Z"}
{"asctime": "2026-01-14 16:53:53", "name": "app.core.database", "levelname": "INFO", "message": "", "event": "Database connection pool initialized successfully", "logger": "app.core.database", "level": "info", "timestamp": "2026-01-14T09:53:53.300449Z"}
{"asctime": "2026-01-14 16:53:53", "name": "app.main", "levelname": "INFO", "message": "", "event": "Database initialized successfully", "logger": "app.main", "level": "info", "timestamp": "2026-01-14T09:53:53.305494Z"}
{"asctime": "2026-01-14 16:53:53", "name": "app.infrastructure.tasks.scheduler", "levelname": "INFO", "message": "", "event": "Starting background task scheduler", "logger": "app.infrastructure.tasks.scheduler", "level": "info", "timestamp": "2026-01-14T09:53:53.310011Z"}
{"asctime": "2026-01-14 16:53:53", "name": "apscheduler.scheduler", "levelname": "INFO", "message": "Adding job tentatively -- it will be properly scheduled when the scheduler starts"}
{"asctime": "2026-01-14 16:53:53", "name": "app.infrastructure.tasks.scheduler", "levelname": "INFO", "message": "", "extra": {"interval_seconds": 300}, "event": "WAL monitoring scheduled", "logger": "app.infrastructure.tasks.scheduler", "level": "info", "timestamp": "2026-01-14T09:53:53.327082Z"}
{"asctime": "2026-01-14 16:53:53", "name": "apscheduler.scheduler", "levelname": "INFO", "message": "Added job \"PostgreSQL WAL Monitor\" to job store \"default\""}
{"asctime": "2026-01-14 16:53:53", "name": "apscheduler.scheduler", "levelname": "INFO", "message": "Scheduler started"}
{"asctime": "2026-01-14 16:53:53", "name": "app.infrastructure.tasks.scheduler", "levelname": "INFO", "message": "", "event": "Background task scheduler started successfully", "logger": "app.infrastructure.tasks.scheduler", "level": "info", "timestamp": "2026-01-14T09:53:53.331316Z"}
{"asctime": "2026-01-14 16:53:53", "name": "app.main", "levelname": "INFO", "message": "", "event": "Background scheduler started successfully", "logger": "app.main", "level": "info", "timestamp": "2026-01-14T09:53:53.332322Z"}
{"asctime": "2026-01-14 16:53:53", "name": "app.main", "levelname": "INFO", "message": "", "event": "Application startup completed successfully", "logger": "app.main", "level": "info", "timestamp": "2026-01-14T09:53:53.348172Z"}
